<?xml version="1.0" encoding="UTF-8"?>
<testng-results ignored="0" total="3" passed="3" failed="0" skipped="0">
  <reporter-output>
  </reporter-output>
  <suite started-at="2022-12-15T20:48:14 CST" name="Default Suite" finished-at="2022-12-15T20:48:16 CST" duration-ms="2494">
    <groups>
    </groups>
    <test started-at="2022-12-15T20:48:14 CST" name="ress-assured-test" finished-at="2022-12-15T20:48:16 CST" duration-ms="2494">
      <class name="testassured.openJson">
        <test-method is-config="true" signature="gen()[pri:0, instance:testassured.openJson@6b53e23f]" started-at="2022-12-15T20:48:14 CST" name="gen" finished-at="2022-12-15T20:48:14 CST" duration-ms="540" status="PASS">
          <reporter-output>
          </reporter-output>
        </test-method> <!-- gen -->
        <test-method signature="testGetMiniVideo()[pri:0, instance:testassured.openJson@6b53e23f]" started-at="2022-12-15T20:48:14 CST" name="testGetMiniVideo" finished-at="2022-12-15T20:48:15 CST" duration-ms="1176" status="PASS">
          <reporter-output>
          </reporter-output>
        </test-method> <!-- testGetMiniVideo -->
        <test-method signature="testLogin()[pri:0, instance:testassured.openJson@6b53e23f]" started-at="2022-12-15T20:48:15 CST" name="testLogin" finished-at="2022-12-15T20:48:15 CST" duration-ms="145" status="PASS">
          <reporter-output>
          </reporter-output>
        </test-method> <!-- testLogin -->
        <test-method signature="testRegister()[pri:0, instance:testassured.openJson@6b53e23f]" started-at="2022-12-15T20:48:15 CST" name="testRegister" finished-at="2022-12-15T20:48:16 CST" duration-ms="609" status="PASS">
          <reporter-output>
          </reporter-output>
        </test-method> <!-- testRegister -->
      </class> <!-- testassured.openJson -->
    </test> <!-- ress-assured-test -->
  </suite> <!-- Default Suite -->
</testng-results>
