<?xml version="1.0" encoding="UTF-8"?>
<!-- Generated by org.testng.reporters.JUnitXMLReporter -->
<testsuite ignored="0" hostname="boboMacBook-Pro" failures="0" tests="3" name="openJson" time="2.733" errors="0" timestamp="2022-12-15T20:39:53 CST">
  <testcase classname="testassured.openJson" name="testGetMiniVideo" time="1.363"/>
  <testcase classname="testassured.openJson" name="testLogin" time="0.182"/>
  <testcase classname="testassured.openJson" name="testRegister" time="0.639"/>
</testsuite> <!-- openJson -->
